# JRE version: OpenJDK Runtime Environment (22.0.1+8) (build 22.0.1+8-16)
# Java VM: OpenJDK 64-Bit Server VM (22.0.1+8-16, mixed mode, sharing, tiered, compressed oops, compressed class ptrs, g1 gc, windows-amd64)
GC Precious Log:
 CardTable entry size: 512
 Card Set container configuration: InlinePtr #cards 4 size 8 Array Of Cards #cards 16 size 48 Howl #buckets 8 coarsen threshold 3686 Howl Bitmap #cards 512 size 80 coarsen threshold 460 Card regions per heap region 1 cards per card region 4096
 CPUs: 20 total, 20 available
 Memory: 16068M
 Large Page Support: Disabled
 NUMA Support: Disabled
 Compressed Oops: Enabled (Zero based)
 Heap Region Size: 2M
 Heap Min Capacity: 8M
 Heap Initial Capacity: 252M
 Heap Max Capacity: 4018M
 Pre-touch: Disabled
 Parallel Workers: 15
 Concurrent Workers: 4
 Concurrent Refinement Workers: 15
 Periodic GC: Disabled
Heap:
 garbage-first heap   total reserved 4114432K, committed 516096K, used 415813K [0x0000000704e00000, 0x0000000800000000)
  region size 2048K, 24 young (49152K), 3 survivors (6144K)
 Metaspace       used 20382K, committed 20736K, reserved 1114112K
  class space    used 2794K, committed 2944K, reserved 1048576K
GC Heap History (20 events):
Event: 29.260 GC heap before
{Heap before GC invocations=4 (full 0):
 garbage-first heap   total reserved 4114432K, committed 258048K, used 129622K [0x0000000704e00000, 0x0000000800000000)
  region size 2048K, 9 young (18432K), 6 survivors (12288K)
 Metaspace       used 19762K, committed 20160K, reserved 1114112K
  class space    used 2782K, committed 2944K, reserved 1048576K
}
Event: 29.263 GC heap after
{Heap after GC invocations=5 (full 0):
 garbage-first heap   total reserved 4114432K, committed 258048K, used 112630K [0x0000000704e00000, 0x0000000800000000)
  region size 2048K, 2 young (4096K), 2 survivors (4096K)
 Metaspace       used 19762K, committed 20160K, reserved 1114112K
  class space    used 2782K, committed 2944K, reserved 1048576K
}
Event: 29.278 GC heap before
{Heap before GC invocations=5 (full 0):
 garbage-first heap   total reserved 4114432K, committed 258048K, used 116726K [0x0000000704e00000, 0x0000000800000000)
  region size 2048K, 3 young (6144K), 2 survivors (4096K)
 Metaspace       used 19768K, committed 20160K, reserved 1114112K
  class space    used 2782K, committed 2944K, reserved 1048576K
}
Event: 29.281 GC heap after
{Heap after GC invocations=6 (full 0):
 garbage-first heap   total reserved 4114432K, committed 258048K, used 113584K [0x0000000704e00000, 0x0000000800000000)
  region size 2048K, 2 young (4096K), 2 survivors (4096K)
 Metaspace       used 19768K, committed 20160K, reserved 1114112K
  class space    used 2782K, committed 2944K, reserved 1048576K
}
Event: 29.298 GC heap before
{Heap before GC invocations=6 (full 0):
 garbage-first heap   total reserved 4114432K, committed 258048K, used 117680K [0x0000000704e00000, 0x0000000800000000)
  region size 2048K, 3 young (6144K), 2 survivors (4096K)
 Metaspace       used 19780K, committed 20160K, reserved 1114112K
  class space    used 2782K, committed 2944K, reserved 1048576K
}
Event: 29.301 GC heap after
{Heap after GC invocations=7 (full 0):
 garbage-first heap   total reserved 4114432K, committed 258048K, used 116576K [0x0000000704e00000, 0x0000000800000000)
  region size 2048K, 4 young (8192K), 4 survivors (8192K)
 Metaspace       used 19780K, committed 20160K, reserved 1114112K
  class space    used 2782K, committed 2944K, reserved 1048576K
}
Event: 29.318 GC heap before
{Heap before GC invocations=7 (full 0):
 garbage-first heap   total reserved 4114432K, committed 258048K, used 120672K [0x0000000704e00000, 0x0000000800000000)
  region size 2048K, 5 young (10240K), 4 survivors (8192K)
 Metaspace       used 19780K, committed 20160K, reserved 1114112K
  class space    used 2782K, committed 2944K, reserved 1048576K
}
Event: 29.321 GC heap after
{Heap after GC invocations=8 (full 0):
 garbage-first heap   total reserved 4114432K, committed 258048K, used 116504K [0x0000000704e00000, 0x0000000800000000)
  region size 2048K, 2 young (4096K), 2 survivors (4096K)
 Metaspace       used 19780K, committed 20160K, reserved 1114112K
  class space    used 2782K, committed 2944K, reserved 1048576K
}
Event: 30.694 GC heap before
{Heap before GC invocations=8 (full 0):
 garbage-first heap   total reserved 4114432K, committed 258048K, used 124696K [0x0000000704e00000, 0x0000000800000000)
  region size 2048K, 5 young (10240K), 2 survivors (4096K)
 Metaspace       used 19867K, committed 20224K, reserved 1114112K
  class space    used 2782K, committed 2944K, reserved 1048576K
}
Event: 30.698 GC heap after
{Heap after GC invocations=9 (full 0):
 garbage-first heap   total reserved 4114432K, committed 516096K, used 119641K [0x0000000704e00000, 0x0000000800000000)
  region size 2048K, 4 young (8192K), 4 survivors (8192K)
 Metaspace       used 19867K, committed 20224K, reserved 1114112K
  class space    used 2782K, committed 2944K, reserved 1048576K
}
Event: 31.046 GC heap before
{Heap before GC invocations=9 (full 0):
 garbage-first heap   total reserved 4114432K, committed 516096K, used 244569K [0x0000000704e00000, 0x0000000800000000)
  region size 2048K, 11 young (22528K), 4 survivors (8192K)
 Metaspace       used 19943K, committed 20288K, reserved 1114112K
  class space    used 2784K, committed 2944K, reserved 1048576K
}
Event: 31.050 GC heap after
{Heap after GC invocations=10 (full 0):
 garbage-first heap   total reserved 4114432K, committed 516096K, used 179811K [0x0000000704e00000, 0x0000000800000000)
  region size 2048K, 9 young (18432K), 9 survivors (18432K)
 Metaspace       used 19943K, committed 20288K, reserved 1114112K
  class space    used 2784K, committed 2944K, reserved 1048576K
}
Event: 32.517 GC heap before
{Heap before GC invocations=10 (full 0):
 garbage-first heap   total reserved 4114432K, committed 516096K, used 261731K [0x0000000704e00000, 0x0000000800000000)
  region size 2048K, 17 young (34816K), 9 survivors (18432K)
 Metaspace       used 20040K, committed 20416K, reserved 1114112K
  class space    used 2786K, committed 2944K, reserved 1048576K
}
Event: 32.522 GC heap after
{Heap after GC invocations=11 (full 0):
 garbage-first heap   total reserved 4114432K, committed 516096K, used 210286K [0x0000000704e00000, 0x0000000800000000)
  region size 2048K, 10 young (20480K), 10 survivors (20480K)
 Metaspace       used 20040K, committed 20416K, reserved 1114112K
  class space    used 2786K, committed 2944K, reserved 1048576K
}
Event: 32.637 GC heap before
{Heap before GC invocations=11 (full 0):
 garbage-first heap   total reserved 4114432K, committed 516096K, used 251246K [0x0000000704e00000, 0x0000000800000000)
  region size 2048K, 13 young (26624K), 10 survivors (20480K)
 Metaspace       used 20053K, committed 20416K, reserved 1114112K
  class space    used 2786K, committed 2944K, reserved 1048576K
}
Event: 32.641 GC heap after
{Heap after GC invocations=12 (full 0):
 garbage-first heap   total reserved 4114432K, committed 516096K, used 218003K [0x0000000704e00000, 0x0000000800000000)
  region size 2048K, 7 young (14336K), 7 survivors (14336K)
 Metaspace       used 20053K, committed 20416K, reserved 1114112K
  class space    used 2786K, committed 2944K, reserved 1048576K
}
Event: 36.563 GC heap before
{Heap before GC invocations=12 (full 0):
 garbage-first heap   total reserved 4114432K, committed 516096K, used 250771K [0x0000000704e00000, 0x0000000800000000)
  region size 2048K, 13 young (26624K), 7 survivors (14336K)
 Metaspace       used 20172K, committed 20544K, reserved 1114112K
  class space    used 2791K, committed 2944K, reserved 1048576K
}
Event: 36.567 GC heap after
{Heap after GC invocations=13 (full 0):
 garbage-first heap   total reserved 4114432K, committed 516096K, used 228542K [0x0000000704e00000, 0x0000000800000000)
  region size 2048K, 5 young (10240K), 5 survivors (10240K)
 Metaspace       used 20172K, committed 20544K, reserved 1114112K
  class space    used 2791K, committed 2944K, reserved 1048576K
}
Event: 36.596 GC heap before
{Heap before GC invocations=13 (full 0):
 garbage-first heap   total reserved 4114432K, committed 516096K, used 236734K [0x0000000704e00000, 0x0000000800000000)
  region size 2048K, 6 young (12288K), 5 survivors (10240K)
 Metaspace       used 20177K, committed 20544K, reserved 1114112K
  class space    used 2791K, committed 2944K, reserved 1048576K
}
Event: 36.598 GC heap after
{Heap after GC invocations=14 (full 0):
 garbage-first heap   total reserved 4114432K, committed 516096K, used 237637K [0x0000000704e00000, 0x0000000800000000)
  region size 2048K, 3 young (6144K), 3 survivors (6144K)
 Metaspace       used 20177K, committed 20544K, reserved 1114112K
  class space    used 2791K, committed 2944K, reserved 1048576K
}

